{"level":"error","message":"Fri Jul 22 2022 22:16:50 GMT+0530 (India Standard Time)-{\"name\":\"Data Not found\",\"statusCode\":{},\"isOperational\":true}","private":true}
{"level":"error","message":"Fri Jul 22 2022 22:18:39 GMT+0530 (India Standard Time)-{\"name\":\"Data Not found\",\"statusCode\":{},\"isOperational\":true}","private":true}
{"level":"error","message":"Fri Jul 22 2022 22:19:24 GMT+0530 (India Standard Time)-{\"name\":\"Data Not found\",\"statusCode\":{},\"isOperational\":true}","private":true}
{"level":"error","message":"Fri Jul 22 2022 22:20:51 GMT+0530 (India Standard Time)-{\"name\":\"Data Not found\",\"statusCode\":{},\"isOperational\":true}","private":true}
{"level":"error","message":"Fri Jul 22 2022 22:35:54 GMT+0530 (India Standard Time)-{\"statusCode\":401}","private":true}
{"level":"error","message":"Fri Jul 22 2022 23:08:36 GMT+0530 (India Standard Time)-{\"statusCode\":401}","private":true}
{"level":"error","message":"Fri Jul 22 2022 23:09:48 GMT+0530 (India Standard Time)-{\"statusCode\":401}","private":true}
{"level":"error","message":"Fri Jul 22 2022 23:15:42 GMT+0530 (India Standard Time)-{\"statusCode\":401}","private":true}
{"level":"error","message":"Fri Jul 22 2022 23:16:18 GMT+0530 (India Standard Time)-{\"statusCode\":401}","private":true}
{"level":"error","message":"Fri Jul 22 2022 23:24:26 GMT+0530 (India Standard Time)-{\"name\":\"Data Not found\",\"statusCode\":500,\"isOperational\":true}","private":true}
{"level":"error","message":"Fri Jul 22 2022 23:33:43 GMT+0530 (India Standard Time)-{\"name\":\"Data Not found\",\"statusCode\":500,\"isOperational\":true}","private":true}
{"level":"error","message":"Fri Jul 22 2022 23:33:47 GMT+0530 (India Standard Time)-{\"name\":\"Data Not found\",\"statusCode\":500,\"isOperational\":true}","private":true}
{"level":"error","message":"Sat Jul 23 2022 00:29:25 GMT+0530 (India Standard Time)-{\"statusCode\":401}","private":true}
{"level":"error","message":"Sat Jul 23 2022 00:32:52 GMT+0530 (India Standard Time)-{\"statusCode\":403}","private":true}
{"level":"error","message":"Sat Jul 23 2022 00:44:28 GMT+0530 (India Standard Time)-{\"name\":\"Data Not found\",\"statusCode\":500,\"isOperational\":true}","private":true}
{"level":"error","message":"Sat Jul 23 2022 01:03:39 GMT+0530 (India Standard Time)-{\"statusCode\":401}","private":true}
{"level":"error","message":"Sat Jul 23 2022 01:42:08 GMT+0530 (India Standard Time)-{\"statusCode\":401}","private":true}
{"level":"error","message":"Sun Jul 24 2022 20:19:24 GMT+0530 (India Standard Time)-{\"statusCode\":403}","private":true}
{"level":"error","message":"Sun Jul 24 2022 20:23:09 GMT+0530 (India Standard Time)-{\"statusCode\":401}","private":true}
{"level":"error","message":"Mon Jul 25 2022 14:34:32 GMT+0530 (India Standard Time)-{\"statusCode\":401}","private":true}
{"level":"error","message":"Mon Jul 25 2022 14:34:45 GMT+0530 (India Standard Time)-{\"statusCode\":403}","private":true}
{"level":"error","message":"Mon Jul 25 2022 14:35:34 GMT+0530 (India Standard Time)-{\"name\":\"Data Not found\",\"statusCode\":500,\"isOperational\":true}","private":true}
{"level":"error","message":"Mon Jul 25 2022 14:35:56 GMT+0530 (India Standard Time)-{\"name\":\"Data Not found\",\"statusCode\":500,\"isOperational\":true}","private":true}
{"level":"error","message":"Mon Jul 25 2022 14:37:01 GMT+0530 (India Standard Time)-{\"name\":\"Data Not found\",\"statusCode\":500,\"isOperational\":true}","private":true}
{"level":"error","message":"Mon Jul 25 2022 14:38:43 GMT+0530 (India Standard Time)-{\"name\":\"Email could not be added\",\"statusCode\":500,\"isOperational\":true}","private":true}
{"level":"error","message":"Mon Jul 25 2022 18:22:08 GMT+0530 (India Standard Time)-{}","private":true}
{"level":"error","message":"Mon Jul 25 2022 18:22:40 GMT+0530 (India Standard Time)-{}","private":true}
{"level":"error","message":"Mon Jul 25 2022 18:23:46 GMT+0530 (India Standard Time)-{}","private":true}
{"level":"error","message":"Mon Jul 25 2022 18:24:25 GMT+0530 (India Standard Time)-{}","private":true}
{"level":"error","message":"Mon Jul 25 2022 18:25:10 GMT+0530 (India Standard Time)-{}","private":true}
{"level":"error","message":"Mon Jul 25 2022 18:25:28 GMT+0530 (India Standard Time)-{}","private":true}
{"level":"error","message":"Mon Jul 25 2022 18:26:02 GMT+0530 (India Standard Time)-{}","private":true}
{"level":"error","message":"Mon Jul 25 2022 18:26:10 GMT+0530 (India Standard Time)-{}","private":true}
{"level":"error","message":"Mon Jul 25 2022 18:26:27 GMT+0530 (India Standard Time)-{}","private":true}
{"level":"error","message":"Mon Jul 25 2022 18:28:35 GMT+0530 (India Standard Time)-{\"statusCode\":401}","private":true}
{"level":"error","message":"Mon Jul 25 2022 18:28:45 GMT+0530 (India Standard Time)-{\"statusCode\":401}","private":true}
{"level":"error","message":"Mon Jul 25 2022 18:33:13 GMT+0530 (India Standard Time)-{\"name\":\"Upload Error \",\"statusCode\":401,\"isOperational\":true}","private":true}
{"level":"error","message":"Mon Jul 25 2022 18:51:13 GMT+0530 (India Standard Time)-{\"name\":\"Upload Error \",\"statusCode\":401,\"isOperational\":true}","private":true}
{"level":"error","message":"Mon Jul 25 2022 18:52:50 GMT+0530 (India Standard Time)-{\"name\":\"Upload Error \",\"statusCode\":401,\"isOperational\":true}","private":true}
{"level":"error","message":"Mon Jul 25 2022 18:52:56 GMT+0530 (India Standard Time)-{\"name\":\"Upload Error \",\"statusCode\":401,\"isOperational\":true}","private":true}
{"level":"error","message":"Mon Jul 25 2022 18:53:10 GMT+0530 (India Standard Time)-{\"name\":\"Upload Error \",\"statusCode\":401,\"isOperational\":true}","private":true}
{"level":"error","message":"Mon Jul 25 2022 18:53:58 GMT+0530 (India Standard Time)-{\"name\":\"Upload Error \",\"statusCode\":401,\"isOperational\":true}","private":true}
{"level":"error","message":"Mon Jul 25 2022 18:54:07 GMT+0530 (India Standard Time)-{\"name\":\"Upload Error \",\"statusCode\":401,\"isOperational\":true}","private":true}
{"level":"error","message":"Mon Jul 25 2022 18:54:14 GMT+0530 (India Standard Time)-{\"name\":\"Upload Error \",\"statusCode\":401,\"isOperational\":true}","private":true}
{"level":"error","message":"Mon Jul 25 2022 18:54:43 GMT+0530 (India Standard Time)-{\"name\":\"Upload Error \",\"statusCode\":401,\"isOperational\":true}","private":true}
{"level":"error","message":"Mon Jul 25 2022 18:54:58 GMT+0530 (India Standard Time)-{\"name\":\"Upload Error \",\"statusCode\":401,\"isOperational\":true}","private":true}
{"level":"error","message":"Mon Jul 25 2022 18:55:05 GMT+0530 (India Standard Time)-{\"name\":\"Upload Error \",\"statusCode\":401,\"isOperational\":true}","private":true}
{"level":"error","message":"Mon Jul 25 2022 19:22:34 GMT+0530 (India Standard Time)-{}","private":true}
{"level":"error","message":"Mon Jul 25 2022 19:23:02 GMT+0530 (India Standard Time)-{}","private":true}
{"level":"error","message":"Mon Jul 25 2022 19:23:14 GMT+0530 (India Standard Time)-{}","private":true}
{"level":"error","message":"Mon Jul 25 2022 19:23:46 GMT+0530 (India Standard Time)-{}","private":true}
{"level":"error","message":"Mon Jul 25 2022 19:23:58 GMT+0530 (India Standard Time)-{}","private":true}
{"level":"error","message":"Mon Jul 25 2022 19:25:10 GMT+0530 (India Standard Time)-{}","private":true}
{"level":"error","message":"Mon Jul 25 2022 19:25:18 GMT+0530 (India Standard Time)-{}","private":true}
{"level":"error","message":"Mon Jul 25 2022 19:25:59 GMT+0530 (India Standard Time)-{}","private":true}
{"level":"error","message":"Tue Jul 26 2022 00:34:07 GMT+0530 (India Standard Time)-{\"name\":\"Cannot read properties of null (reading 'excel')\",\"statusCode\":401,\"isOperational\":true}","private":true}
{"level":"error","message":"Tue Jul 26 2022 00:34:13 GMT+0530 (India Standard Time)-{\"name\":\"Cannot read properties of null (reading 'excel')\",\"statusCode\":401,\"isOperational\":true}","private":true}
{"level":"error","message":"Tue Jul 26 2022 23:01:52 GMT+0530 (India Standard Time)-{\"name\":\"Unable to create Employee attendance\",\"statusCode\":500,\"isOperational\":true}","private":true}
{"level":"error","message":"Tue Jul 26 2022 23:02:20 GMT+0530 (India Standard Time)-{\"name\":\"Unable to create Employee attendance\",\"statusCode\":500,\"isOperational\":true}","private":true}
{"level":"error","message":"Tue Jul 26 2022 23:04:13 GMT+0530 (India Standard Time)-{\"name\":\"Unable to create Employee attendance\",\"statusCode\":500,\"isOperational\":true}","private":true}
{"level":"error","message":"Tue Jul 26 2022 23:09:04 GMT+0530 (India Standard Time)-{}","private":true}
{"level":"error","message":"Tue Jul 26 2022 23:10:13 GMT+0530 (India Standard Time)-{}","private":true}
{"level":"error","message":"Tue Jul 26 2022 23:10:54 GMT+0530 (India Standard Time)-{}","private":true}
{"level":"error","message":"Tue Jul 26 2022 23:12:41 GMT+0530 (India Standard Time)-{}","private":true}
{"level":"error","message":"Tue Jul 26 2022 23:14:55 GMT+0530 (India Standard Time)-{\"name\":\"Cannot read properties of null (reading 'excel')\",\"statusCode\":401,\"isOperational\":true}","private":true}
{"level":"error","message":"Wed Jul 27 2022 00:38:21 GMT+0530 (India Standard Time)-{\"name\":\"Cannot read properties of null (reading 'excel')\",\"statusCode\":401,\"isOperational\":true}","private":true}
{"level":"error","message":"Fri Jul 29 2022 00:27:16 GMT+0530 (India Standard Time)-{\"name\":\"Cannot read properties of undefined (reading 'excel')\",\"statusCode\":401,\"isOperational\":true}","private":true}
{"level":"error","message":"Fri Jul 29 2022 00:55:04 GMT+0530 (India Standard Time)-{\"name\":\"err is not defined\",\"statusCode\":401,\"isOperational\":true}","private":true}
{"level":"error","message":"Fri Jul 29 2022 15:44:54 GMT+0530 (India Standard Time)-{\"name\":\"err is not defined\",\"statusCode\":401,\"isOperational\":true}","private":true}
{"level":"error","message":"Fri Jul 29 2022 16:34:06 GMT+0530 (India Standard Time)-{\"name\":\"err is not defined\",\"statusCode\":401,\"isOperational\":true}","private":true}
{"level":"error","message":"Fri Jul 29 2022 16:34:32 GMT+0530 (India Standard Time)-{\"name\":\"Internal Server Error\",\"statusCode\":401,\"isOperational\":true}","private":true}
{"level":"error","message":"Fri Jul 29 2022 16:36:28 GMT+0530 (India Standard Time)-{\"name\":\"Internal Server Error\",\"statusCode\":401,\"isOperational\":true}","private":true}
{"level":"error","message":"Fri Jul 29 2022 16:41:01 GMT+0530 (India Standard Time)-{\"name\":\"Internal Server Error\",\"statusCode\":401,\"isOperational\":true}","private":true}
{"level":"error","message":"Fri Jul 29 2022 16:49:39 GMT+0530 (India Standard Time)-{\"name\":\"err is not defined\",\"statusCode\":401,\"isOperational\":true}","private":true}
{"level":"error","message":"Fri Jul 29 2022 16:50:49 GMT+0530 (India Standard Time)-{\"name\":\"Internal Server Error\",\"statusCode\":401,\"isOperational\":true}","private":true}
{"level":"error","message":"Fri Jul 29 2022 16:51:53 GMT+0530 (India Standard Time)-{\"name\":\"Internal Server Error\",\"statusCode\":401,\"isOperational\":true}","private":true}
{"level":"error","message":"Fri Jul 29 2022 16:55:58 GMT+0530 (India Standard Time)-{\"name\":\"Internal Server Error\",\"statusCode\":401,\"isOperational\":true}","private":true}
{"level":"error","message":"Fri Jul 29 2022 16:56:53 GMT+0530 (India Standard Time)-{\"name\":\"Internal Server Error\",\"statusCode\":401,\"isOperational\":true}","private":true}
{"level":"error","message":"Fri Jul 29 2022 16:58:11 GMT+0530 (India Standard Time)-{\"name\":\"Internal Server Error\",\"statusCode\":401,\"isOperational\":true}","private":true}
{"level":"error","message":"Fri Jul 29 2022 16:58:28 GMT+0530 (India Standard Time)-{\"name\":\"Internal Server Error\",\"statusCode\":401,\"isOperational\":true}","private":true}
{"level":"error","message":"Fri Jul 29 2022 16:59:08 GMT+0530 (India Standard Time)-{\"name\":\"Internal Server Error\",\"statusCode\":401,\"isOperational\":true}","private":true}
{"level":"error","message":"Fri Jul 29 2022 17:07:34 GMT+0530 (India Standard Time)-{\"name\":\"Internal Server Error\",\"statusCode\":401,\"isOperational\":true}","private":true}
{"level":"error","message":"Sat Jul 30 2022 04:49:12 GMT+0530 (India Standard Time)-{\"name\":\"Cannot read properties of undefined (reading 'excel')\",\"statusCode\":401,\"isOperational\":true}","private":true}
